Arguments: 
  C:\Program Files\nodejs\node.exe C:\Program Files (x86)\Yarn\bin\yarn.js -add

PATH: 
  C:\Windows\system32;C:\Windows;C:\Windows\System32\Wbem;C:\Windows\System32\WindowsPowerShell\v1.0\;C:\Windows\System32\OpenSSH\;C:\Program Files\dotnet\;%NVM_HOME%;%NVM_SYMLINK%;C:\Program Files\Git\cmd;C:\Program Files (x86)\Yarn\bin\;C:\Users\Dell\AppData\Local\Microsoft\WindowsApps;C:\Users\Dell\AppData\Local\Programs\Microsoft VS Code\bin;C:\ProgramData\Dell\GitHubDesktop\bin;C:\Users\Dell\AppData\Roaming\nvm;C:\Program Files\nodejs;C:\Users\Dell\AppData\Roaming\npm;C:\Users\Dell\AppData\Local\Yarn\bin

Yarn version: 
  1.22.19

Node version: 
  18.16.0

Platform: 
  win32 x64

Trace: 
  Error: https://registry.yarnpkg.com/@mui/icons-material/-/icons-material-5.14.19.tgz: ESOCKETTIMEDOUT
      at ClientRequest.<anonymous> (C:\Program Files (x86)\Yarn\lib\cli.js:141517:19)
      at Object.onceWrapper (node:events:627:28)
      at ClientRequest.emit (node:events:513:28)
      at TLSSocket.emitRequestTimeout (node:_http_client:848:9)
      at Object.onceWrapper (node:events:627:28)
      at TLSSocket.emit (node:events:525:35)
      at Socket._onTimeout (node:net:570:8)
      at listOnTimeout (node:internal/timers:569:17)
      at process.processTimers (node:internal/timers:512:7)

npm manifest: 
  {
    "name": "MediaHub",
    "version": "0.1.0",
    "private": true,
    "dependencies": {
      "@emotion/react": "^11.11.1",
      "@emotion/styled": "^11.11.0",
      "@mui/icons-material": "^5.14.16",
      "@mui/material": "^5.14.14",
      "@mui/styles": "^5.14.18",
      "@reduxjs/toolkit": "^1.9.7",
      "@testing-library/jest-dom": "^5.17.0",
      "@testing-library/react": "^13.4.0",
      "@testing-library/user-event": "^13.5.0",
      "@types/jest": "^27.5.2",
      "@types/node": "^16.18.59",
      "@types/react": "^18.2.29",
      "@types/react-dom": "^18.2.13",
      "axios": "^1.5.1",
      "jwt-decode": "^4.0.0",
      "notistack": "^3.0.1",
      "react": "^18.2.0",
      "react-dom": "^18.2.0",
      "react-redux": "^8.1.3",
      "react-router-dom": "^6.17.0",
      "react-scripts": "5.0.1",
      "react-toastify": "^9.1.3",
      "redux": "^4.2.1",
      "typescript": "^4.9.5",
      "web-vitals": "^2.1.4"
    },
    "scripts": {
      "start": "react-scripts start",
      "build": "react-scripts build",
      "test": "react-scripts test",
      "eject": "react-scripts eject"
    },
    "eslintConfig": {
      "extends": [
        "react-app",
        "react-app/jest"
      ]
    },
    "browserslist": {
      "production": [
        ">0.2%",
        "not dead",
        "not op_mini all"
      ],
      "development": [
        "last 1 chrome version",
        "last 1 firefox version",
        "last 1 safari version"
      ]
    }
  }

yarn manifest: 
  No manifest

Lockfile: 
  No lockfile
